Starting org.bukkit.craftbukkit.Main
System Info: Java 17 (OpenJDK 64-Bit Server VM 17.0.4+8-Debian-1deb11u1) Host: Linux 5.15.61-v8+ (aarch64)
Loading libraries, please wait...
2022-09-08 09:54:43,925 ServerMain WARN Advanced terminal features are not available in this environment
[09:54:56 INFO]: Building unoptimized datafixer
[09:55:01 INFO]: Environment: authHost='https://authserver.mojang.com', accountsHost='https://api.mojang.com', sessionHost='https://sessionserver.mojang.com', servicesHost='https://api.minecraftservices.com', name='PROD'
[09:55:12 INFO]: Loaded 7 recipes
[09:55:19 INFO]: Starting minecraft server version 1.19.2
[09:55:19 INFO]: Loading properties
[09:55:20 INFO]: This server is running Paper version git-Paper-137 (MC: 1.19.2) (Implementing API version 1.19.2-R0.1-SNAPSHOT) (Git: e8c2c3b)
[09:55:20 INFO]: Server Ping Player Sample Count: 12
[09:55:20 INFO]: Using 4 threads for Netty based IO
[09:55:22 INFO]: Default game type: SURVIVAL
[09:55:22 INFO]: Generating keypair
[09:55:22 INFO]: Starting Minecraft server on *:25565
[09:55:22 INFO]: Using epoll channel type
[09:55:22 INFO]: Paper: Using libdeflate (Linux aarch64) compression from Velocity.
[09:55:22 INFO]: Paper: Using OpenSSL (Linux aarch64) cipher from Velocity.
[09:55:23 INFO]: Server permissions file permissions.yml is empty, ignoring it
[09:55:23 WARN]: **** SERVER IS RUNNING IN OFFLINE/INSECURE MODE!
[09:55:23 WARN]: The server will make no attempt to authenticate usernames. Beware.
[09:55:23 WARN]: While this makes the game possible to play without internet access, it also opens up the ability for hackers to connect with any username they choose.
[09:55:23 WARN]: To change this, set "online-mode" to "true" in the server.properties file.
[09:55:23 INFO]: Preparing level "world"
[09:56:17 INFO]: Preparing start region for dimension minecraft:overworld
[09:56:20 INFO]: Preparing spawn area: 0%
[09:56:20 INFO]: Preparing spawn area: 0%
[09:56:20 INFO]: Preparing spawn area: 0%
[09:56:20 INFO]: Preparing spawn area: 0%
[09:56:20 INFO]: Preparing spawn area: 0%
[09:56:20 INFO]: Preparing spawn area: 0%
[09:56:20 INFO]: Time elapsed: 2546 ms
[09:56:20 INFO]: Preparing start region for dimension minecraft:the_nether
[09:56:22 INFO]: Time elapsed: 1549 ms
[09:56:22 INFO]: Preparing start region for dimension minecraft:the_end
[09:56:23 INFO]: Time elapsed: 947 ms
[09:56:23 INFO]: Running delayed init tasks
[09:56:23 INFO]: Done (63.428s)! For help, type "help"
[09:56:23 INFO]: Timings Reset
[09:56:35 INFO]: UUID of player hadehy is 26289c8f-6fe2-3831-af14-e8042fd64ee6
[09:56:40 WARN]: Can't keep up! Is the server overloaded? Running 5020ms or 100 ticks behind
[09:56:43 INFO]: hadehy joined the game
[09:56:44 INFO]: hadehy[/192.168.1.11:51849] logged in with entity id 212 at ([world]-821.1466055458505, 64.0, -8520.50777212526)
[09:57:20 WARN]: Can't keep up! Is the server overloaded? Running 9123ms or 182 ticks behind
[10:01:43 WARN]: Can't keep up! Is the server overloaded? Running 5109ms or 102 ticks behind
[10:50:15 INFO]: hadehy has made the advancement [We Need to Go Deeper]
[10:50:15 WARN]: Can't keep up! Is the server overloaded? Running 6974ms or 139 ticks behind
[10:57:59 INFO]: hadehy hit the ground too hard
[11:12:55 INFO]: hadehy has made the advancement [Enchanter]
[11:13:35 INFO]: hadehy lost connection: Disconnected
[11:13:35 INFO]: hadehy left the game
